[debug] [2017-09-17T23:50:33.125Z] ----------------------------------------------------------------------
[debug] [2017-09-17T23:50:33.127Z] Command:       /usr/local/bin/node /usr/local/bin/firebase deploy
[debug] [2017-09-17T23:50:33.127Z] CLI Version:   3.10.1
[debug] [2017-09-17T23:50:33.127Z] Platform:      darwin
[debug] [2017-09-17T23:50:33.127Z] Node Version:  v6.10.3
[debug] [2017-09-17T23:50:33.128Z] Time:          Sun Sep 17 2017 18:50:33 GMT-0500 (CDT)
[debug] [2017-09-17T23:50:33.128Z] ----------------------------------------------------------------------
[debug] 
[debug] [2017-09-17T23:50:33.145Z] > command requires scopes: ["email","openid","https://www.googleapis.com/auth/cloudplatformprojects.readonly","https://www.googleapis.com/auth/firebase","https://www.googleapis.com/auth/cloud-platform"]
[debug] [2017-09-17T23:50:33.146Z] > authorizing via signed-in user
[debug] [2017-09-17T23:50:33.147Z] > refreshing access token with scopes: ["email","https://www.googleapis.com/auth/cloud-platform","https://www.googleapis.com/auth/cloudplatformprojects.readonly","https://www.googleapis.com/auth/firebase","openid"]
[debug] [2017-09-17T23:50:33.148Z] >>> HTTP REQUEST POST https://www.googleapis.com/oauth2/v3/token { refresh_token: '1/McQwTIfIf6B4E_spoWfsk3Pzj7udjAtK-7x6jVBB4vg',
  client_id: '563584335869-fgrhgmd47bqnekij5i8b5pr03ho849e6.apps.googleusercontent.com',
  client_secret: 'j9iVZfS8kkCEFUPaAeJV0sAi',
  grant_type: 'refresh_token',
  scope: 'email https://www.googleapis.com/auth/cloud-platform https://www.googleapis.com/auth/cloudplatformprojects.readonly https://www.googleapis.com/auth/firebase openid' } 
 Sun Sep 17 2017 18:50:33 GMT-0500 (CDT)
[debug] [2017-09-17T23:50:33.292Z] <<< HTTP RESPONSE 200
[debug] [2017-09-17T23:50:33.295Z] >>> HTTP REQUEST GET https://admin.firebase.com/v1/projects/databaserules-a10f6  
 Sun Sep 17 2017 18:50:33 GMT-0500 (CDT)
[debug] [2017-09-17T23:50:33.810Z] <<< HTTP RESPONSE 200
[debug] [2017-09-17T23:50:33.812Z] >>> HTTP REQUEST GET https://admin.firebase.com/v1/database/databaserules-a10f6/tokens  
 Sun Sep 17 2017 18:50:33 GMT-0500 (CDT)
[debug] [2017-09-17T23:50:34.304Z] <<< HTTP RESPONSE 200
[info] 
[info] === Deploying to 'databaserules-a10f6'...
[info] 
[info] i  deploying database, hosting
[info] ✔  database: rules ready to deploy.
[info] i  hosting: preparing public directory for upload...
[debug] [2017-09-17T23:50:35.307Z] >>> HTTP REQUEST PUT https://deploy.firebase.com/v1/hosting/databaserules-a10f6/uploads/-KuHF2GMw-W-ilYBJOik?fileCount=535&message=  
 Sun Sep 17 2017 18:50:35 GMT-0500 (CDT)
[debug] [2017-09-17T23:50:43.984Z] <<< HTTP RESPONSE 200
[debug] [2017-09-17T23:50:43.984Z] [hosting] .tgz uploaded successfully, waiting for extraction
